<?xml version="1.0" encoding="UTF-8"?>
<testng-results skipped="0" failed="0" ignored="0" total="1" passed="1">
  <reporter-output>
  </reporter-output>
  <suite name="Default suite" duration-ms="14492" started-at="2019-03-18T12:21:06Z" finished-at="2019-03-18T12:21:21Z">
    <groups>
    </groups>
    <test name="Default test" duration-ms="14492" started-at="2019-03-18T12:21:06Z" finished-at="2019-03-18T12:21:21Z">
      <class name="BrewBrokercircleci.BrewBrokercircleci.OpenBrowser">
        <test-method status="PASS" signature="openBrowser()[pri:0, instance:BrewBrokercircleci.BrewBrokercircleci.OpenBrowser@46d56d67]" name="openBrowser" duration-ms="14465" started-at="2019-03-18T12:21:06Z" finished-at="2019-03-18T12:21:21Z">
          <reporter-output>
          </reporter-output>
        </test-method> <!-- openBrowser -->
      </class> <!-- BrewBrokercircleci.BrewBrokercircleci.OpenBrowser -->
    </test> <!-- Default test -->
  </suite> <!-- Default suite -->
</testng-results>
